SF:lib\main.dart
DA:5,0
DA:6,0
DA:7,0
DA:9,0
DA:13,1
DA:15,1
DA:17,1
DA:19,1
DA:21,1
LF:9
LH:5
end_of_record
SF:lib\authScreen\auth_secreen.dart
DA:6,1
DA:8,1
DA:9,1
DA:13,1
DA:15,1
DA:17,1
DA:18,1
DA:20,1
DA:22,1
DA:45,1
DA:46,1
DA:47,1
DA:48,1
LF:13
LH:13
end_of_record
SF:lib\authScreen\signUp.dart
DA:6,1
DA:8,0
DA:9,0
DA:23,0
DA:24,0
DA:25,0
DA:26,0
DA:30,0
DA:32,0
DA:33,0
DA:34,0
DA:35,0
DA:39,0
DA:40,0
DA:41,0
DA:43,0
DA:44,0
DA:46,0
DA:49,0
DA:56,0
DA:57,0
DA:58,0
DA:59,0
DA:60,0
DA:61,0
DA:67,0
DA:68,0
DA:74,0
DA:75,0
DA:81,0
DA:82,0
DA:88,0
DA:89,0
DA:97,0
DA:98,0
DA:101,0
DA:102,0
DA:103,0
DA:105,0
LF:39
LH:1
end_of_record
SF:lib\authScreen\login.dart
DA:6,1
DA:8,1
DA:9,1
DA:17,1
DA:19,1
DA:20,1
DA:21,2
DA:29,1
DA:31,4
DA:36,1
DA:37,1
DA:38,1
DA:39,1
DA:40,1
DA:41,1
DA:47,1
DA:48,1
DA:54,1
DA:55,1
DA:58,1
DA:59,0
DA:60,1
DA:62,1
LF:23
LH:22
end_of_record
SF:lib\widgets\custom_text_field.dart
DA:10,1
DA:17,1
DA:18,1
DA:22,1
DA:24,1
DA:31,1
DA:32,2
DA:33,2
DA:34,2
DA:35,2
DA:36,1
DA:38,1
DA:39,2
DA:42,2
DA:43,2
LF:15
LH:15
end_of_record
